[0.302s] Invoking command in '/home/ister/turtlebot4_ws/src/turtlebot4_python': PYTHONPATH=/home/ister/turtlebot4_ws/build/turtlebot4_python/prefix_override:/usr/lib/python3/dist-packages/colcon_core/task/python/colcon_distutils_commands:/home/ister/turtlebot4_ws/install/turtlebot4_python/lib/python3.10/site-packages: /usr/bin/python3 -W ignore:setup.py install is deprecated -W ignore:easy_install command is deprecated setup.py egg_info --egg-base ../../build/turtlebot4_python build --build-base /home/ister/turtlebot4_ws/build/turtlebot4_python/build install --record /home/ister/turtlebot4_ws/build/turtlebot4_python/install.log --single-version-externally-managed install_data
[0.411s] running egg_info
[0.411s] writing ../../build/turtlebot4_python/turtlebot4_python.egg-info/PKG-INFO
[0.413s] writing dependency_links to ../../build/turtlebot4_python/turtlebot4_python.egg-info/dependency_links.txt
[0.413s] writing entry points to ../../build/turtlebot4_python/turtlebot4_python.egg-info/entry_points.txt
[0.413s] writing requirements to ../../build/turtlebot4_python/turtlebot4_python.egg-info/requires.txt
[0.413s] writing top-level names to ../../build/turtlebot4_python/turtlebot4_python.egg-info/top_level.txt
[0.414s] reading manifest file '../../build/turtlebot4_python/turtlebot4_python.egg-info/SOURCES.txt'
[0.415s] writing manifest file '../../build/turtlebot4_python/turtlebot4_python.egg-info/SOURCES.txt'
[0.415s] running build
[0.415s] running build_py
[0.416s] copying turtlebot4_python/audio.py -> /home/ister/turtlebot4_ws/build/turtlebot4_python/build/lib/turtlebot4_python
[0.416s] running install
[0.416s] running install_lib
[0.417s] copying /home/ister/turtlebot4_ws/build/turtlebot4_python/build/lib/turtlebot4_python/audio.py -> /home/ister/turtlebot4_ws/install/turtlebot4_python/lib/python3.10/site-packages/turtlebot4_python
[0.417s] byte-compiling /home/ister/turtlebot4_ws/install/turtlebot4_python/lib/python3.10/site-packages/turtlebot4_python/audio.py to audio.cpython-310.pyc
[0.418s] running install_data
[0.419s] running install_egg_info
[0.420s] removing '/home/ister/turtlebot4_ws/install/turtlebot4_python/lib/python3.10/site-packages/turtlebot4_python-0.0.0-py3.10.egg-info' (and everything under it)
[0.420s] Copying ../../build/turtlebot4_python/turtlebot4_python.egg-info to /home/ister/turtlebot4_ws/install/turtlebot4_python/lib/python3.10/site-packages/turtlebot4_python-0.0.0-py3.10.egg-info
[0.420s] running install_scripts
[0.432s] Installing move_robot script to /home/ister/turtlebot4_ws/install/turtlebot4_python/lib/turtlebot4_python
[0.432s] Installing robot_gui script to /home/ister/turtlebot4_ws/install/turtlebot4_python/lib/turtlebot4_python
[0.432s] Installing turtlebot4_python_node script to /home/ister/turtlebot4_ws/install/turtlebot4_python/lib/turtlebot4_python
[0.433s] writing list of installed files to '/home/ister/turtlebot4_ws/build/turtlebot4_python/install.log'
[0.448s] Invoked command in '/home/ister/turtlebot4_ws/src/turtlebot4_python' returned '0': PYTHONPATH=/home/ister/turtlebot4_ws/build/turtlebot4_python/prefix_override:/usr/lib/python3/dist-packages/colcon_core/task/python/colcon_distutils_commands:/home/ister/turtlebot4_ws/install/turtlebot4_python/lib/python3.10/site-packages: /usr/bin/python3 -W ignore:setup.py install is deprecated -W ignore:easy_install command is deprecated setup.py egg_info --egg-base ../../build/turtlebot4_python build --build-base /home/ister/turtlebot4_ws/build/turtlebot4_python/build install --record /home/ister/turtlebot4_ws/build/turtlebot4_python/install.log --single-version-externally-managed install_data
