/home/ister/turtlebot4_ws/install/turtlebot4_python/lib/python3.10/site-packages/turtlebot4_python/turtlebot4_python_node.py
/home/ister/turtlebot4_ws/install/turtlebot4_python/lib/python3.10/site-packages/turtlebot4_python/deteccion.py
/home/ister/turtlebot4_ws/install/turtlebot4_python/lib/python3.10/site-packages/turtlebot4_python/move_robot.py
/home/ister/turtlebot4_ws/install/turtlebot4_python/lib/python3.10/site-packages/turtlebot4_python/robot_gui.py
/home/ister/turtlebot4_ws/install/turtlebot4_python/lib/python3.10/site-packages/turtlebot4_python/__init__.py
/home/ister/turtlebot4_ws/install/turtlebot4_python/lib/python3.10/site-packages/turtlebot4_python/audio.py
/home/ister/turtlebot4_ws/install/turtlebot4_python/lib/python3.10/site-packages/turtlebot4_python/__pycache__/turtlebot4_python_node.cpython-310.pyc
/home/ister/turtlebot4_ws/install/turtlebot4_python/lib/python3.10/site-packages/turtlebot4_python/__pycache__/deteccion.cpython-310.pyc
/home/ister/turtlebot4_ws/install/turtlebot4_python/lib/python3.10/site-packages/turtlebot4_python/__pycache__/move_robot.cpython-310.pyc
/home/ister/turtlebot4_ws/install/turtlebot4_python/lib/python3.10/site-packages/turtlebot4_python/__pycache__/robot_gui.cpython-310.pyc
/home/ister/turtlebot4_ws/install/turtlebot4_python/lib/python3.10/site-packages/turtlebot4_python/__pycache__/__init__.cpython-310.pyc
/home/ister/turtlebot4_ws/install/turtlebot4_python/lib/python3.10/site-packages/turtlebot4_python/__pycache__/audio.cpython-310.pyc
/home/ister/turtlebot4_ws/install/turtlebot4_python/share/ament_index/resource_index/packages/turtlebot4_python
/home/ister/turtlebot4_ws/install/turtlebot4_python/share/turtlebot4_python/package.xml
/home/ister/turtlebot4_ws/install/turtlebot4_python/lib/python3.10/site-packages/turtlebot4_python-0.0.0-py3.10.egg-info/zip-safe
/home/ister/turtlebot4_ws/install/turtlebot4_python/lib/python3.10/site-packages/turtlebot4_python-0.0.0-py3.10.egg-info/requires.txt
/home/ister/turtlebot4_ws/install/turtlebot4_python/lib/python3.10/site-packages/turtlebot4_python-0.0.0-py3.10.egg-info/PKG-INFO
/home/ister/turtlebot4_ws/install/turtlebot4_python/lib/python3.10/site-packages/turtlebot4_python-0.0.0-py3.10.egg-info/top_level.txt
/home/ister/turtlebot4_ws/install/turtlebot4_python/lib/python3.10/site-packages/turtlebot4_python-0.0.0-py3.10.egg-info/entry_points.txt
/home/ister/turtlebot4_ws/install/turtlebot4_python/lib/python3.10/site-packages/turtlebot4_python-0.0.0-py3.10.egg-info/dependency_links.txt
/home/ister/turtlebot4_ws/install/turtlebot4_python/lib/python3.10/site-packages/turtlebot4_python-0.0.0-py3.10.egg-info/SOURCES.txt
/home/ister/turtlebot4_ws/install/turtlebot4_python/lib/turtlebot4_python/move_robot
/home/ister/turtlebot4_ws/install/turtlebot4_python/lib/turtlebot4_python/robot_gui
/home/ister/turtlebot4_ws/install/turtlebot4_python/lib/turtlebot4_python/turtlebot4_python_node
