running egg_info
writing ../../build/turtlebot4_python/turtlebot4_python.egg-info/PKG-INFO
writing dependency_links to ../../build/turtlebot4_python/turtlebot4_python.egg-info/dependency_links.txt
writing entry points to ../../build/turtlebot4_python/turtlebot4_python.egg-info/entry_points.txt
writing requirements to ../../build/turtlebot4_python/turtlebot4_python.egg-info/requires.txt
writing top-level names to ../../build/turtlebot4_python/turtlebot4_python.egg-info/top_level.txt
reading manifest file '../../build/turtlebot4_python/turtlebot4_python.egg-info/SOURCES.txt'
writing manifest file '../../build/turtlebot4_python/turtlebot4_python.egg-info/SOURCES.txt'
running build
running build_py
running install
running install_lib
running install_data
running install_egg_info
removing '/home/ister/turtlebot4_ws/install/turtlebot4_python/lib/python3.10/site-packages/turtlebot4_python-0.0.0-py3.10.egg-info' (and everything under it)
Copying ../../build/turtlebot4_python/turtlebot4_python.egg-info to /home/ister/turtlebot4_ws/install/turtlebot4_python/lib/python3.10/site-packages/turtlebot4_python-0.0.0-py3.10.egg-info
running install_scripts
Installing move_robot script to /home/ister/turtlebot4_ws/install/turtlebot4_python/lib/turtlebot4_python
Installing robot_gui script to /home/ister/turtlebot4_ws/install/turtlebot4_python/lib/turtlebot4_python
Installing turtlebot4_python_node script to /home/ister/turtlebot4_ws/install/turtlebot4_python/lib/turtlebot4_python
writing list of installed files to '/home/ister/turtlebot4_ws/build/turtlebot4_python/install.log'
