[0.305s] Invoking command in '/home/ister/turtlebot4_ws/src/turtlebot4_python': PYTHONPATH=/home/ister/turtlebot4_ws/build/turtlebot4_python/prefix_override:/usr/lib/python3/dist-packages/colcon_core/task/python/colcon_distutils_commands:/home/ister/turtlebot4_ws/install/turtlebot4_python/lib/python3.10/site-packages: /usr/bin/python3 -W ignore:setup.py install is deprecated -W ignore:easy_install command is deprecated setup.py egg_info --egg-base ../../build/turtlebot4_python build --build-base /home/ister/turtlebot4_ws/build/turtlebot4_python/build install --record /home/ister/turtlebot4_ws/build/turtlebot4_python/install.log --single-version-externally-managed install_data
[0.425s] running egg_info
[0.425s] writing ../../build/turtlebot4_python/turtlebot4_python.egg-info/PKG-INFO
[0.425s] writing dependency_links to ../../build/turtlebot4_python/turtlebot4_python.egg-info/dependency_links.txt
[0.426s] writing entry points to ../../build/turtlebot4_python/turtlebot4_python.egg-info/entry_points.txt
[0.426s] writing requirements to ../../build/turtlebot4_python/turtlebot4_python.egg-info/requires.txt
[0.426s] writing top-level names to ../../build/turtlebot4_python/turtlebot4_python.egg-info/top_level.txt
[0.427s] reading manifest file '../../build/turtlebot4_python/turtlebot4_python.egg-info/SOURCES.txt'
[0.427s] writing manifest file '../../build/turtlebot4_python/turtlebot4_python.egg-info/SOURCES.txt'
[0.427s] running build
[0.427s] running build_py
[0.427s] copying turtlebot4_python/move_robot.py -> /home/ister/turtlebot4_ws/build/turtlebot4_python/build/lib/turtlebot4_python
[0.428s] running install
[0.428s] running install_lib
[0.428s] copying /home/ister/turtlebot4_ws/build/turtlebot4_python/build/lib/turtlebot4_python/move_robot.py -> /home/ister/turtlebot4_ws/install/turtlebot4_python/lib/python3.10/site-packages/turtlebot4_python
[0.429s] byte-compiling /home/ister/turtlebot4_ws/install/turtlebot4_python/lib/python3.10/site-packages/turtlebot4_python/move_robot.py to move_robot.cpython-310.pyc
[0.429s] running install_data
[0.429s] running install_egg_info
[0.430s] removing '/home/ister/turtlebot4_ws/install/turtlebot4_python/lib/python3.10/site-packages/turtlebot4_python-0.0.0-py3.10.egg-info' (and everything under it)
[0.431s] Copying ../../build/turtlebot4_python/turtlebot4_python.egg-info to /home/ister/turtlebot4_ws/install/turtlebot4_python/lib/python3.10/site-packages/turtlebot4_python-0.0.0-py3.10.egg-info
[0.431s] running install_scripts
[0.444s] Installing move_robot script to /home/ister/turtlebot4_ws/install/turtlebot4_python/lib/turtlebot4_python
[0.444s] Installing robot_gui script to /home/ister/turtlebot4_ws/install/turtlebot4_python/lib/turtlebot4_python
[0.444s] Installing turtlebot4_python_node script to /home/ister/turtlebot4_ws/install/turtlebot4_python/lib/turtlebot4_python
[0.444s] writing list of installed files to '/home/ister/turtlebot4_ws/build/turtlebot4_python/install.log'
[0.459s] Invoked command in '/home/ister/turtlebot4_ws/src/turtlebot4_python' returned '0': PYTHONPATH=/home/ister/turtlebot4_ws/build/turtlebot4_python/prefix_override:/usr/lib/python3/dist-packages/colcon_core/task/python/colcon_distutils_commands:/home/ister/turtlebot4_ws/install/turtlebot4_python/lib/python3.10/site-packages: /usr/bin/python3 -W ignore:setup.py install is deprecated -W ignore:easy_install command is deprecated setup.py egg_info --egg-base ../../build/turtlebot4_python build --build-base /home/ister/turtlebot4_ws/build/turtlebot4_python/build install --record /home/ister/turtlebot4_ws/build/turtlebot4_python/install.log --single-version-externally-managed install_data
